Build started 21/05/2018 2:25:28 PM.
     1>Project "F:\CSC138\FILE STUDY IN CLASS\ARRAY12(STRUCT IN FUNCTION)\contoh struct2\contoh struct2.vcxproj" on node 2 (build target(s)).
     1>InitializeBuildStatus:
         Creating "Debug\contoh struct2.unsuccessfulbuild" because "AlwaysCreate" was specified.
       ClCompile:
         C:\Program Files (x86)\Microsoft Visual Studio 10.0\VC\bin\CL.exe /c /ZI /nologo /W3 /WX- /Od /Oy- /D WIN32 /D _DEBUG /D _CONSOLE /D _UNICODE /D UNICODE /Gm /EHsc /RTC1 /MDd /GS /fp:precise /Zc:wchar_t /Zc:forScope /Fo"Debug\\" /Fd"Debug\vc100.pdb" /Gd /TP /analyze- /errorReport:prompt record.cpp
         record.cpp
     1>f:\csc138\file study in class\array12(struct in function)\contoh struct2\record.cpp(24): warning C4101: 'x' : unreferenced local variable
     1>f:\csc138\file study in class\array12(struct in function)\contoh struct2\record.cpp(44): warning C4101: 'x' : unreferenced local variable
     1>f:\csc138\file study in class\array12(struct in function)\contoh struct2\record.cpp(44): warning C4101: 'i' : unreferenced local variable
       ManifestResourceCompile:
         C:\Program Files (x86)\Microsoft SDKs\Windows\v7.0A\bin\rc.exe /nologo /fo"Debug\contoh struct2.exe.embed.manifest.res" "Debug\contoh struct2_manifest.rc" 
       Link:
         C:\Program Files (x86)\Microsoft Visual Studio 10.0\VC\bin\link.exe /ERRORREPORT:PROMPT /OUT:"F:\CSC138\FILE STUDY IN CLASS\ARRAY12(STRUCT IN FUNCTION)\Debug\contoh struct2.exe" /INCREMENTAL /NOLOGO kernel32.lib user32.lib gdi32.lib winspool.lib comdlg32.lib advapi32.lib shell32.lib ole32.lib oleaut32.lib uuid.lib odbc32.lib odbccp32.lib /MANIFEST /ManifestFile:"Debug\contoh struct2.exe.intermediate.manifest" /MANIFESTUAC:"level='asInvoker' uiAccess='false'" /DEBUG /PDB:"F:\CSC138\FILE STUDY IN CLASS\ARRAY12(STRUCT IN FUNCTION)\Debug\contoh struct2.pdb" /SUBSYSTEM:CONSOLE /TLBID:1 /DYNAMICBASE /NXCOMPAT /IMPLIB:"F:\CSC138\FILE STUDY IN CLASS\ARRAY12(STRUCT IN FUNCTION)\Debug\contoh struct2.lib" /MACHINE:X86 "Debug\contoh struct2.exe.embed.manifest.res"
         Debug\record.obj
       Manifest:
         Deleting file "Debug\contoh struct2.exe.embed.manifest".
         C:\Program Files (x86)\Microsoft SDKs\Windows\v7.0A\bin\mt.exe /nologo /verbose /out:"Debug\contoh struct2.exe.embed.manifest" /manifest "Debug\contoh struct2.exe.intermediate.manifest"
         C:\Program Files (x86)\Microsoft SDKs\Windows\v7.0A\bin\rc.exe /nologo /fo"Debug\contoh struct2.exe.embed.manifest.res" "Debug\contoh struct2_manifest.rc" 
       LinkEmbedManifest:
         C:\Program Files (x86)\Microsoft Visual Studio 10.0\VC\bin\link.exe /ERRORREPORT:PROMPT /OUT:"F:\CSC138\FILE STUDY IN CLASS\ARRAY12(STRUCT IN FUNCTION)\Debug\contoh struct2.exe" /INCREMENTAL /NOLOGO kernel32.lib user32.lib gdi32.lib winspool.lib comdlg32.lib advapi32.lib shell32.lib ole32.lib oleaut32.lib uuid.lib odbc32.lib odbccp32.lib /MANIFEST /ManifestFile:"Debug\contoh struct2.exe.intermediate.manifest" /MANIFESTUAC:"level='asInvoker' uiAccess='false'" /DEBUG /PDB:"F:\CSC138\FILE STUDY IN CLASS\ARRAY12(STRUCT IN FUNCTION)\Debug\contoh struct2.pdb" /SUBSYSTEM:CONSOLE /TLBID:1 /DYNAMICBASE /NXCOMPAT /IMPLIB:"F:\CSC138\FILE STUDY IN CLASS\ARRAY12(STRUCT IN FUNCTION)\Debug\contoh struct2.lib" /MACHINE:X86 "Debug\contoh struct2.exe.embed.manifest.res"
         Debug\record.obj
         contoh struct2.vcxproj -> F:\CSC138\FILE STUDY IN CLASS\ARRAY12(STRUCT IN FUNCTION)\Debug\contoh struct2.exe
       FinalizeBuildStatus:
         Deleting file "Debug\contoh struct2.unsuccessfulbuild".
         Touching "Debug\contoh struct2.lastbuildstate".
     1>Done Building Project "F:\CSC138\FILE STUDY IN CLASS\ARRAY12(STRUCT IN FUNCTION)\contoh struct2\contoh struct2.vcxproj" (build target(s)).

Build succeeded.

Time Elapsed 00:00:18.90
