Build started 07-Mar-18 9:27:50 AM.
     1>Project "E:\first class\first class\first class.vcxproj" on node 2 (build target(s)).
     1>InitializeBuildStatus:
         Creating "Debug\first class.unsuccessfulbuild" because "AlwaysCreate" was specified.
       ClCompile:
         C:\Program Files (x86)\Microsoft Visual Studio 10.0\VC\bin\CL.exe /c /ZI /nologo /W3 /WX- /Od /Oy- /D WIN32 /D _DEBUG /D _CONSOLE /D _UNICODE /D UNICODE /Gm /EHsc /RTC1 /MDd /GS /fp:precise /Zc:wchar_t /Zc:forScope /Fo"Debug\\" /Fd"Debug\vc100.pdb" /Gd /TP /analyze- /errorReport:prompt belajar.cpp
         belajar.cpp
     1>e:\first class\first class\belajar.cpp(26): warning C4244: '=' : conversion from 'double' to 'float', possible loss of data
     1>e:\first class\first class\belajar.cpp(34): warning C4244: '=' : conversion from 'double' to 'float', possible loss of data
     1>e:\first class\first class\belajar.cpp(55): warning C4244: '=' : conversion from 'double' to 'int', possible loss of data
     1>e:\first class\first class\belajar.cpp(63): warning C4244: '=' : conversion from 'double' to 'int', possible loss of data
       ManifestResourceCompile:
         All outputs are up-to-date.
       Link:
         C:\Program Files (x86)\Microsoft Visual Studio 10.0\VC\bin\link.exe /ERRORREPORT:PROMPT /OUT:"E:\first class\Debug\first class.exe" /INCREMENTAL /NOLOGO kernel32.lib user32.lib gdi32.lib winspool.lib comdlg32.lib advapi32.lib shell32.lib ole32.lib oleaut32.lib uuid.lib odbc32.lib odbccp32.lib /MANIFEST /ManifestFile:"Debug\first class.exe.intermediate.manifest" /MANIFESTUAC:"level='asInvoker' uiAccess='false'" /DEBUG /PDB:"E:\first class\Debug\first class.pdb" /SUBSYSTEM:CONSOLE /TLBID:1 /DYNAMICBASE /NXCOMPAT /IMPLIB:"E:\first class\Debug\first class.lib" /MACHINE:X86 "Debug\first class.exe.embed.manifest.res"
         Debug\belajar.obj
       Manifest:
         C:\Program Files (x86)\Microsoft SDKs\Windows\v7.0A\bin\mt.exe /nologo /verbose /out:"Debug\first class.exe.embed.manifest" /manifest "Debug\first class.exe.intermediate.manifest"
         All outputs are up-to-date.
       LinkEmbedManifest:
         All outputs are up-to-date.
         first class.vcxproj -> E:\first class\Debug\first class.exe
       FinalizeBuildStatus:
         Deleting file "Debug\first class.unsuccessfulbuild".
         Touching "Debug\first class.lastbuildstate".
     1>Done Building Project "E:\first class\first class\first class.vcxproj" (build target(s)).

Build succeeded.

Time Elapsed 00:00:04.59
