Build started 5/13/2018 11:36:46 PM.
     1>Project "E:\CSC138\FILE STUDY IN CLASS\ARRAY10(STRUCT)\arraystrct\arraystrct.vcxproj" on node 2 (build target(s)).
     1>InitializeBuildStatus:
         Creating "Debug\arraystrct.unsuccessfulbuild" because "AlwaysCreate" was specified.
       ClCompile:
         C:\Program Files (x86)\Microsoft Visual Studio 10.0\VC\bin\CL.exe /c /ZI /nologo /W3 /WX- /Od /Oy- /D WIN32 /D _DEBUG /D _CONSOLE /D _UNICODE /D UNICODE /Gm /EHsc /RTC1 /MDd /GS /fp:precise /Zc:wchar_t /Zc:forScope /Fo"Debug\\" /Fd"Debug\vc100.pdb" /Gd /TP /analyze- /errorReport:prompt dg.cpp
         dg.cpp
       ManifestResourceCompile:
         All outputs are up-to-date.
       Link:
         C:\Program Files (x86)\Microsoft Visual Studio 10.0\VC\bin\link.exe /ERRORREPORT:PROMPT /OUT:"E:\CSC138\FILE STUDY IN CLASS\ARRAY10(STRUCT)\Debug\arraystrct.exe" /INCREMENTAL /NOLOGO kernel32.lib user32.lib gdi32.lib winspool.lib comdlg32.lib advapi32.lib shell32.lib ole32.lib oleaut32.lib uuid.lib odbc32.lib odbccp32.lib /MANIFEST /ManifestFile:"Debug\arraystrct.exe.intermediate.manifest" /MANIFESTUAC:"level='asInvoker' uiAccess='false'" /DEBUG /PDB:"E:\CSC138\FILE STUDY IN CLASS\ARRAY10(STRUCT)\Debug\arraystrct.pdb" /SUBSYSTEM:CONSOLE /TLBID:1 /DYNAMICBASE /NXCOMPAT /IMPLIB:"E:\CSC138\FILE STUDY IN CLASS\ARRAY10(STRUCT)\Debug\arraystrct.lib" /MACHINE:X86 Debug\arraystrct.exe.embed.manifest.res
         Debug\dg.obj
       Manifest:
         C:\Program Files (x86)\Microsoft SDKs\Windows\v7.0A\bin\mt.exe /nologo /verbose /out:"Debug\arraystrct.exe.embed.manifest" /manifest Debug\arraystrct.exe.intermediate.manifest
         All outputs are up-to-date.
       LinkEmbedManifest:
         All outputs are up-to-date.
         arraystrct.vcxproj -> E:\CSC138\FILE STUDY IN CLASS\ARRAY10(STRUCT)\Debug\arraystrct.exe
       FinalizeBuildStatus:
         Deleting file "Debug\arraystrct.unsuccessfulbuild".
         Touching "Debug\arraystrct.lastbuildstate".
     1>Done Building Project "E:\CSC138\FILE STUDY IN CLASS\ARRAY10(STRUCT)\arraystrct\arraystrct.vcxproj" (build target(s)).

Build succeeded.

Time Elapsed 00:00:03.61
