Build started 12/03/2018 4:23:40 PM.
     1>Project "F:\apa2\apa2\apa2.vcxproj" on node 2 (build target(s)).
     1>InitializeBuildStatus:
         Touching "Debug\apa2.unsuccessfulbuild".
       ClCompile:
         C:\Program Files (x86)\Microsoft Visual Studio 10.0\VC\bin\CL.exe /c /ZI /nologo /W3 /WX- /Od /Oy- /D WIN32 /D _DEBUG /D _CONSOLE /D _UNICODE /D UNICODE /Gm /EHsc /RTC1 /MDd /GS /fp:precise /Zc:wchar_t /Zc:forScope /Fo"Debug\\" /Fd"Debug\vc100.pdb" /Gd /TP /analyze- /errorReport:prompt "apa-2 sahaja.cpp"
         apa-2 sahaja.cpp
     1>f:\apa2\apa2\apa-2 sahaja.cpp(65): warning C4244: '=' : conversion from 'double' to 'int', possible loss of data
     1>f:\apa2\apa2\apa-2 sahaja.cpp(42): warning C4101: 'arraysize' : unreferenced local variable
     1>f:\apa2\apa2\apa-2 sahaja.cpp(60): warning C4700: uninitialized local variable 'length' used
       ManifestResourceCompile:
         All outputs are up-to-date.
       Link:
         C:\Program Files (x86)\Microsoft Visual Studio 10.0\VC\bin\link.exe /ERRORREPORT:PROMPT /OUT:"F:\apa2\Debug\apa2.exe" /INCREMENTAL /NOLOGO kernel32.lib user32.lib gdi32.lib winspool.lib comdlg32.lib advapi32.lib shell32.lib ole32.lib oleaut32.lib uuid.lib odbc32.lib odbccp32.lib /MANIFEST /ManifestFile:"Debug\apa2.exe.intermediate.manifest" /MANIFESTUAC:"level='asInvoker' uiAccess='false'" /DEBUG /PDB:"F:\apa2\Debug\apa2.pdb" /SUBSYSTEM:CONSOLE /TLBID:1 /DYNAMICBASE /NXCOMPAT /IMPLIB:"F:\apa2\Debug\apa2.lib" /MACHINE:X86 Debug\apa2.exe.embed.manifest.res
         "Debug\apa-2 sahaja.obj"
       Manifest:
         C:\Program Files (x86)\Microsoft SDKs\Windows\v7.0A\bin\mt.exe /nologo /verbose /out:"Debug\apa2.exe.embed.manifest" /manifest Debug\apa2.exe.intermediate.manifest
         All outputs are up-to-date.
       LinkEmbedManifest:
         All outputs are up-to-date.
         apa2.vcxproj -> F:\apa2\Debug\apa2.exe
       FinalizeBuildStatus:
         Deleting file "Debug\apa2.unsuccessfulbuild".
         Touching "Debug\apa2.lastbuildstate".
     1>Done Building Project "F:\apa2\apa2\apa2.vcxproj" (build target(s)).

Build succeeded.

Time Elapsed 00:00:07.75
