Build started 18-Apr-18 8:31:22 AM.
     1>Project "F:\CSC138\FILE STUDY IN CLASS\Study\Study\Study.vcxproj" on node 2 (build target(s)).
     1>InitializeBuildStatus:
         Touching "Debug\Study.unsuccessfulbuild".
       ClCompile:
         C:\Program Files (x86)\Microsoft Visual Studio 10.0\VC\bin\CL.exe /c /ZI /nologo /W3 /WX- /Od /Oy- /D WIN32 /D _DEBUG /D _CONSOLE /D _UNICODE /D UNICODE /Gm /EHsc /RTC1 /MDd /GS /fp:precise /Zc:wchar_t /Zc:forScope /Fo"Debug\\" /Fd"Debug\vc100.pdb" /Gd /TP /analyze- /errorReport:prompt "akmal hakimd.cpp"
         akmal hakimd.cpp
     1>f:\csc138\file study in class\study\study\akmal hakimd.cpp(19): warning C4129: 'I' : unrecognized character escape sequence
       ManifestResourceCompile:
         C:\Program Files (x86)\Microsoft SDKs\Windows\v7.0A\bin\rc.exe /nologo /fo"Debug\Study.exe.embed.manifest.res" Debug\Study_manifest.rc 
       Link:
         C:\Program Files (x86)\Microsoft Visual Studio 10.0\VC\bin\link.exe /ERRORREPORT:PROMPT /OUT:"F:\CSC138\FILE STUDY IN CLASS\Study\Debug\Study.exe" /INCREMENTAL /NOLOGO kernel32.lib user32.lib gdi32.lib winspool.lib comdlg32.lib advapi32.lib shell32.lib ole32.lib oleaut32.lib uuid.lib odbc32.lib odbccp32.lib /MANIFEST /ManifestFile:"Debug\Study.exe.intermediate.manifest" /MANIFESTUAC:"level='asInvoker' uiAccess='false'" /DEBUG /PDB:"F:\CSC138\FILE STUDY IN CLASS\Study\Debug\Study.pdb" /SUBSYSTEM:CONSOLE /TLBID:1 /DYNAMICBASE /NXCOMPAT /IMPLIB:"F:\CSC138\FILE STUDY IN CLASS\Study\Debug\Study.lib" /MACHINE:X86 Debug\Study.exe.embed.manifest.res
         "Debug\akmal hakimd.obj"
       Manifest:
         C:\Program Files (x86)\Microsoft SDKs\Windows\v7.0A\bin\mt.exe /nologo /verbose /out:"Debug\Study.exe.embed.manifest" /manifest Debug\Study.exe.intermediate.manifest
         C:\Program Files (x86)\Microsoft SDKs\Windows\v7.0A\bin\rc.exe /nologo /fo"Debug\Study.exe.embed.manifest.res" Debug\Study_manifest.rc 
       LinkEmbedManifest:
         C:\Program Files (x86)\Microsoft Visual Studio 10.0\VC\bin\link.exe /ERRORREPORT:PROMPT /OUT:"F:\CSC138\FILE STUDY IN CLASS\Study\Debug\Study.exe" /INCREMENTAL /NOLOGO kernel32.lib user32.lib gdi32.lib winspool.lib comdlg32.lib advapi32.lib shell32.lib ole32.lib oleaut32.lib uuid.lib odbc32.lib odbccp32.lib /MANIFEST /ManifestFile:"Debug\Study.exe.intermediate.manifest" /MANIFESTUAC:"level='asInvoker' uiAccess='false'" /DEBUG /PDB:"F:\CSC138\FILE STUDY IN CLASS\Study\Debug\Study.pdb" /SUBSYSTEM:CONSOLE /TLBID:1 /DYNAMICBASE /NXCOMPAT /IMPLIB:"F:\CSC138\FILE STUDY IN CLASS\Study\Debug\Study.lib" /MACHINE:X86 Debug\Study.exe.embed.manifest.res
         "Debug\akmal hakimd.obj"
         Study.vcxproj -> F:\CSC138\FILE STUDY IN CLASS\Study\Debug\Study.exe
       FinalizeBuildStatus:
         Deleting file "Debug\Study.unsuccessfulbuild".
         Touching "Debug\Study.lastbuildstate".
     1>Done Building Project "F:\CSC138\FILE STUDY IN CLASS\Study\Study\Study.vcxproj" (build target(s)).

Build succeeded.

Time Elapsed 00:00:11.88
