Build started 18-Apr-18 9:00:08 AM.
     1>Project "F:\CSC138\FILE STUDY IN CLASS\ARRAY9(STRUCTRECORD)\ARRAY9(STRUCTRECORD)\ARRAY9(STRUCTRECORD).vcxproj" on node 2 (build target(s)).
     1>InitializeBuildStatus:
         Creating "Debug\ARRAY9(STRUCTRECORD).unsuccessfulbuild" because "AlwaysCreate" was specified.
       ClCompile:
         C:\Program Files (x86)\Microsoft Visual Studio 10.0\VC\bin\CL.exe /c /ZI /nologo /W3 /WX- /Od /Oy- /D WIN32 /D _DEBUG /D _CONSOLE /D _UNICODE /D UNICODE /Gm /EHsc /RTC1 /MDd /GS /fp:precise /Zc:wchar_t /Zc:forScope /Fo"Debug\\" /Fd"Debug\vc100.pdb" /Gd /TP /analyze- /errorReport:prompt STRUCTFUNTION.cpp
         STRUCTFUNTION.cpp
       ManifestResourceCompile:
         All outputs are up-to-date.
       Link:
         C:\Program Files (x86)\Microsoft Visual Studio 10.0\VC\bin\link.exe /ERRORREPORT:PROMPT /OUT:"F:\CSC138\FILE STUDY IN CLASS\ARRAY9(STRUCTRECORD)\Debug\ARRAY9(STRUCTRECORD).exe" /INCREMENTAL /NOLOGO kernel32.lib user32.lib gdi32.lib winspool.lib comdlg32.lib advapi32.lib shell32.lib ole32.lib oleaut32.lib uuid.lib odbc32.lib odbccp32.lib /MANIFEST /ManifestFile:"Debug\ARRAY9(STRUCTRECORD).exe.intermediate.manifest" /MANIFESTUAC:"level='asInvoker' uiAccess='false'" /DEBUG /PDB:"F:\CSC138\FILE STUDY IN CLASS\ARRAY9(STRUCTRECORD)\Debug\ARRAY9(STRUCTRECORD).pdb" /SUBSYSTEM:CONSOLE /TLBID:1 /DYNAMICBASE /NXCOMPAT /IMPLIB:"F:\CSC138\FILE STUDY IN CLASS\ARRAY9(STRUCTRECORD)\Debug\ARRAY9(STRUCTRECORD).lib" /MACHINE:X86 "Debug\ARRAY9(STRUCTRECORD).exe.embed.manifest.res"
         Debug\STRUCTFUNTION.obj
       Manifest:
         C:\Program Files (x86)\Microsoft SDKs\Windows\v7.0A\bin\mt.exe /nologo /verbose /out:"Debug\ARRAY9(STRUCTRECORD).exe.embed.manifest" /manifest "Debug\ARRAY9(STRUCTRECORD).exe.intermediate.manifest"
         All outputs are up-to-date.
       LinkEmbedManifest:
         All outputs are up-to-date.
         ARRAY9(STRUCTRECORD).vcxproj -> F:\CSC138\FILE STUDY IN CLASS\ARRAY9(STRUCTRECORD)\Debug\ARRAY9(STRUCTRECORD).exe
       FinalizeBuildStatus:
         Deleting file "Debug\ARRAY9(STRUCTRECORD).unsuccessfulbuild".
         Touching "Debug\ARRAY9(STRUCTRECORD).lastbuildstate".
     1>Done Building Project "F:\CSC138\FILE STUDY IN CLASS\ARRAY9(STRUCTRECORD)\ARRAY9(STRUCTRECORD)\ARRAY9(STRUCTRECORD).vcxproj" (build target(s)).

Build succeeded.

Time Elapsed 00:00:03.66
