Build started 14-Mar-18 9:53:46 AM.
     1>Project "C:\Users\UiTM Staff\Desktop\akmal hakim\akmal hakim\akmal hakim.vcxproj" on node 2 (build target(s)).
     1>InitializeBuildStatus:
         Touching "Debug\akmal hakim.unsuccessfulbuild".
       ClCompile:
         C:\Program Files (x86)\Microsoft Visual Studio 10.0\VC\bin\CL.exe /c /ZI /nologo /W3 /WX- /Od /Oy- /D WIN32 /D _DEBUG /D _CONSOLE /D _UNICODE /D UNICODE /Gm /EHsc /RTC1 /MDd /GS /fp:precise /Zc:wchar_t /Zc:forScope /Fo"Debug\\" /Fd"Debug\vc100.pdb" /Gd /TP /analyze- /errorReport:prompt belajar.cpp
         belajar.cpp
       ManifestResourceCompile:
         All outputs are up-to-date.
       Link:
         C:\Program Files (x86)\Microsoft Visual Studio 10.0\VC\bin\link.exe /ERRORREPORT:PROMPT /OUT:"C:\Users\UiTM Staff\Desktop\akmal hakim\Debug\akmal hakim.exe" /INCREMENTAL /NOLOGO kernel32.lib user32.lib gdi32.lib winspool.lib comdlg32.lib advapi32.lib shell32.lib ole32.lib oleaut32.lib uuid.lib odbc32.lib odbccp32.lib /MANIFEST /ManifestFile:"Debug\akmal hakim.exe.intermediate.manifest" /MANIFESTUAC:"level='asInvoker' uiAccess='false'" /DEBUG /PDB:"C:\Users\UiTM Staff\Desktop\akmal hakim\Debug\akmal hakim.pdb" /SUBSYSTEM:CONSOLE /TLBID:1 /DYNAMICBASE /NXCOMPAT /IMPLIB:"C:\Users\UiTM Staff\Desktop\akmal hakim\Debug\akmal hakim.lib" /MACHINE:X86 "Debug\akmal hakim.exe.embed.manifest.res"
         Debug\belajar.obj
       Manifest:
         C:\Program Files (x86)\Microsoft SDKs\Windows\v7.0A\bin\mt.exe /nologo /verbose /out:"Debug\akmal hakim.exe.embed.manifest" /manifest "Debug\akmal hakim.exe.intermediate.manifest"
         All outputs are up-to-date.
       LinkEmbedManifest:
         All outputs are up-to-date.
         akmal hakim.vcxproj -> C:\Users\UiTM Staff\Desktop\akmal hakim\Debug\akmal hakim.exe
       FinalizeBuildStatus:
         Deleting file "Debug\akmal hakim.unsuccessfulbuild".
         Touching "Debug\akmal hakim.lastbuildstate".
     1>Done Building Project "C:\Users\UiTM Staff\Desktop\akmal hakim\akmal hakim\akmal hakim.vcxproj" (build target(s)).

Build succeeded.

Time Elapsed 00:00:00.70
