Build started 3/21/2018 1:22:41 AM.
     1>Project "E:\akmalhakim2\akmalhakim2\akmalhakim2.vcxproj" on node 2 (build target(s)).
     1>InitializeBuildStatus:
         Touching "Debug\akmalhakim2.unsuccessfulbuild".
       ClCompile:
         C:\Program Files (x86)\Microsoft Visual Studio 10.0\VC\bin\CL.exe /c /ZI /nologo /W3 /WX- /Od /Oy- /D WIN32 /D _DEBUG /D _CONSOLE /D _UNICODE /D UNICODE /Gm /EHsc /RTC1 /MDd /GS /fp:precise /Zc:wchar_t /Zc:forScope /Fo"Debug\\" /Fd"Debug\vc100.pdb" /Gd /TP /analyze- /errorReport:prompt pelajaran1.cpp
         pelajaran1.cpp
       ManifestResourceCompile:
         C:\Program Files (x86)\Microsoft SDKs\Windows\v7.0A\bin\rc.exe /nologo /fo"Debug\akmalhakim2.exe.embed.manifest.res" Debug\akmalhakim2_manifest.rc 
       Link:
         C:\Program Files (x86)\Microsoft Visual Studio 10.0\VC\bin\link.exe /ERRORREPORT:PROMPT /OUT:"E:\akmalhakim2\Debug\akmalhakim2.exe" /INCREMENTAL /NOLOGO kernel32.lib user32.lib gdi32.lib winspool.lib comdlg32.lib advapi32.lib shell32.lib ole32.lib oleaut32.lib uuid.lib odbc32.lib odbccp32.lib /MANIFEST /ManifestFile:"Debug\akmalhakim2.exe.intermediate.manifest" /MANIFESTUAC:"level='asInvoker' uiAccess='false'" /DEBUG /PDB:"E:\akmalhakim2\Debug\akmalhakim2.pdb" /SUBSYSTEM:CONSOLE /TLBID:1 /DYNAMICBASE /NXCOMPAT /IMPLIB:"E:\akmalhakim2\Debug\akmalhakim2.lib" /MACHINE:X86 Debug\akmalhakim2.exe.embed.manifest.res
         Debug\pelajaran1.obj
       Manifest:
         C:\Program Files (x86)\Microsoft SDKs\Windows\v7.0A\bin\mt.exe /nologo /verbose /out:"Debug\akmalhakim2.exe.embed.manifest" /manifest Debug\akmalhakim2.exe.intermediate.manifest
         All outputs are up-to-date.
       LinkEmbedManifest:
         All outputs are up-to-date.
         akmalhakim2.vcxproj -> E:\akmalhakim2\Debug\akmalhakim2.exe
       FinalizeBuildStatus:
         Deleting file "Debug\akmalhakim2.unsuccessfulbuild".
         Touching "Debug\akmalhakim2.lastbuildstate".
     1>Done Building Project "E:\akmalhakim2\akmalhakim2\akmalhakim2.vcxproj" (build target(s)).

Build succeeded.

Time Elapsed 00:00:09.82
